Conexion exitosa!
Preparacion exitosa!
Binding exitoso!
Ejecucion exitosa!2024-07-11 04-25 
idCarrera pasado: 
Conexion exitosa!
Preparacion exitosa!
Binding exitoso!
Ejecucion exitosa!2024-07-11 04-26 
idCarrera pasado: 
Conexion exitosa!
Preparacion exitosa!
Binding exitoso!
Ejecucion exitosa!2024-07-11 04-27 
idCarrera pasado: 
Conexion exitosa!
Preparacion exitosa!
Binding exitoso!
Ejecucion exitosa!2024-07-11 04-27 
idCarrera pasado: 
Conexion exitosa!
Preparacion exitosa!
Binding exitoso!
Ejecucion exitosa!2024-07-11 04-29 
idCarrera pasado: 
Conexion exitosa!
Preparacion exitosa!
Binding exitoso!
Ejecucion exitosa!2024-07-11 04-36 
idCarrera pasado: 13
Conexion exitosa!
Preparacion exitosa!
Binding exitoso!
Ejecucion exitosa!2024-07-11 04-38 
idCarrera pasado: 15
Conexion exitosa!
Preparacion exitosa!
Binding exitoso!
Ejecucion exitosa!2024-07-11 17-30 
idCarrera pasado: 20
Conexion exitosa!
Preparacion exitosa!
Binding exitoso!
Ejecucion exitosa!2024-07-11 17-44 
idCarrera pasado: 20
Conexion exitosa!
Preparacion exitosa!
Binding exitoso!
Ejecucion exitosa!2024-07-11 17-53 
idCarrera pasado: 32
Conexion exitosa!
Preparacion exitosa!
Binding exitoso!
Ejecucion exitosa!2024-07-12 01-49 
