codArt pasado: 10
Conexion exitosa!
Preparacion exitosa!
Binding exitoso!
SQLSTATE[42S02]: Base table or view not found: 1146 Table 'bvkbecdbl2l2s8fbc9h1.articulos' doesn't exist2024-07-08 20-28 
codArt pasado: 
Conexion exitosa!
Preparacion exitosa!
Binding exitoso!
SQLSTATE[42S02]: Base table or view not found: 1146 Table 'bvkbecdbl2l2s8fbc9h1.articulos' doesn't exist2024-07-10 17-25 
idCarrera pasado: 
Conexion exitosa!
Preparacion exitosa!
Binding exitoso!
Ejecucion exitosa!2024-07-11 04-25 
idCarrera pasado: 
Conexion exitosa!
Preparacion exitosa!
Binding exitoso!
Ejecucion exitosa!2024-07-11 04-26 
idCarrera pasado: 
Conexion exitosa!
Preparacion exitosa!
Binding exitoso!
Ejecucion exitosa!2024-07-11 04-27 
idCarrera pasado: 
Conexion exitosa!
Preparacion exitosa!
Binding exitoso!
Ejecucion exitosa!2024-07-11 04-27 
idCarrera pasado: 
Conexion exitosa!
Preparacion exitosa!
Binding exitoso!
Ejecucion exitosa!2024-07-11 04-29 
idCarrera pasado: 
Conexion exitosa!
Preparacion exitosa!
Binding exitoso!
Ejecucion exitosa!2024-07-11 04-36 
idCarrera pasado: 13
Conexion exitosa!
Preparacion exitosa!
Binding exitoso!
Ejecucion exitosa!2024-07-11 04-38 
